  [1m[35m (412.2ms)[0m  [1m[35mCREATE DATABASE "MusicApp_development" ENCODING = 'unicode'[0m
  ↳ bin/rails:9
  [1m[35m (314.0ms)[0m  [1m[35mCREATE DATABASE "MusicApp_test" ENCODING = 'unicode'[0m
  ↳ bin/rails:9
  [1m[35m (11.1ms)[0m  [1m[35mCREATE TABLE "schema_migrations" ("version" character varying NOT NULL PRIMARY KEY)[0m
  ↳ bin/rails:9
  [1m[35m (5.3ms)[0m  [1m[35mCREATE TABLE "ar_internal_metadata" ("key" character varying NOT NULL PRIMARY KEY, "value" character varying, "created_at" timestamp NOT NULL, "updated_at" timestamp NOT NULL)[0m
  ↳ bin/rails:9
  [1m[35m (0.9ms)[0m  [1m[34mSELECT pg_try_advisory_lock(1555902080779534005)[0m
  ↳ bin/rails:9
  [1m[35m (0.5ms)[0m  [1m[34mSELECT "schema_migrations"."version" FROM "schema_migrations" ORDER BY "schema_migrations"."version" ASC[0m
  ↳ bin/rails:9
Migrating to CreateUser (20180913171311)
  [1m[35m (0.2ms)[0m  [1m[35mBEGIN[0m
  ↳ bin/rails:9
  [1m[35m (8.7ms)[0m  [1m[35mCREATE TABLE "users" ("id" bigserial primary key, "email" character varying NOT NULL, "password_digest" character varying NOT NULL, "session_token" character varying NOT NULL, "created_at" timestamp NOT NULL, "updated_at" timestamp NOT NULL)[0m
  ↳ db/migrate/20180913171311_create_user.rb:3
  [1m[35m (2.8ms)[0m  [1m[31mROLLBACK[0m
  ↳ bin/rails:9
  [1m[35m (0.3ms)[0m  [1m[34mSELECT pg_advisory_unlock(1555902080779534005)[0m
  ↳ bin/rails:9
  [1m[35m (0.2ms)[0m  [1m[34mSELECT pg_try_advisory_lock(1555902080779534005)[0m
  ↳ bin/rails:9
  [1m[35m (0.6ms)[0m  [1m[34mSELECT "schema_migrations"."version" FROM "schema_migrations" ORDER BY "schema_migrations"."version" ASC[0m
  ↳ bin/rails:9
Migrating to CreateUser (20180913171311)
  [1m[35m (0.1ms)[0m  [1m[35mBEGIN[0m
  ↳ bin/rails:9
  [1m[35m (5.2ms)[0m  [1m[35mCREATE TABLE "users" ("id" bigserial primary key, "email" character varying NOT NULL, "password_digest" character varying NOT NULL, "session_token" character varying NOT NULL, "created_at" timestamp NOT NULL, "updated_at" timestamp NOT NULL)[0m
  ↳ db/migrate/20180913171311_create_user.rb:3
  [1m[35m (1.3ms)[0m  [1m[35mCREATE UNIQUE INDEX  "index_users_on_session_token" ON "users"  ("session_token")[0m
  ↳ db/migrate/20180913171311_create_user.rb:10
  [1m[35m (1.1ms)[0m  [1m[35mCREATE UNIQUE INDEX  "index_users_on_email" ON "users"  ("email")[0m
  ↳ db/migrate/20180913171311_create_user.rb:11
  [1m[36mActiveRecord::SchemaMigration Create (3.4ms)[0m  [1m[32mINSERT INTO "schema_migrations" ("version") VALUES ($1) RETURNING "version"[0m  [["version", "20180913171311"]]
  ↳ bin/rails:9
  [1m[35m (0.7ms)[0m  [1m[35mCOMMIT[0m
  ↳ bin/rails:9
  [1m[36mActiveRecord::InternalMetadata Load (0.4ms)[0m  [1m[34mSELECT  "ar_internal_metadata".* FROM "ar_internal_metadata" WHERE "ar_internal_metadata"."key" = $1 LIMIT $2[0m  [["key", "environment"], ["LIMIT", 1]]
  ↳ bin/rails:9
  [1m[35m (0.1ms)[0m  [1m[35mBEGIN[0m
  ↳ bin/rails:9
  [1m[36mActiveRecord::InternalMetadata Create (1.0ms)[0m  [1m[32mINSERT INTO "ar_internal_metadata" ("key", "value", "created_at", "updated_at") VALUES ($1, $2, $3, $4) RETURNING "key"[0m  [["key", "environment"], ["value", "development"], ["created_at", "2018-09-13 17:16:35.325826"], ["updated_at", "2018-09-13 17:16:35.325826"]]
  ↳ bin/rails:9
  [1m[35m (0.4ms)[0m  [1m[35mCOMMIT[0m
  ↳ bin/rails:9
  [1m[35m (0.2ms)[0m  [1m[34mSELECT pg_advisory_unlock(1555902080779534005)[0m
  ↳ bin/rails:9
  [1m[35m (0.8ms)[0m  [1m[34mSELECT "schema_migrations"."version" FROM "schema_migrations" ORDER BY "schema_migrations"."version" ASC[0m
  ↳ bin/rails:9
Started GET "/" for 127.0.0.1 at 2018-09-13 11:20:23 -0700
  [1m[35m (0.7ms)[0m  [1m[34mSELECT "schema_migrations"."version" FROM "schema_migrations" ORDER BY "schema_migrations"."version" ASC[0m
  ↳ /Users/jamestouri/.rbenv/versions/2.3.1/lib/ruby/gems/2.3.0/gems/activerecord-5.2.1/lib/active_record/log_subscriber.rb:98
Processing by Rails::WelcomeController#index as HTML
  Rendering /Users/jamestouri/.rbenv/versions/2.3.1/lib/ruby/gems/2.3.0/gems/railties-5.2.1/lib/rails/templates/rails/welcome/index.html.erb
  Rendered /Users/jamestouri/.rbenv/versions/2.3.1/lib/ruby/gems/2.3.0/gems/railties-5.2.1/lib/rails/templates/rails/welcome/index.html.erb (4.7ms)
Completed 200 OK in 26ms (Views: 15.3ms | ActiveRecord: 0.0ms)


Started GET "/users/new" for 127.0.0.1 at 2018-09-13 11:20:47 -0700
  
ActionController::RoutingError (No route matches [GET] "/users/new"):
  
actionpack (5.2.1) lib/action_dispatch/middleware/debug_exceptions.rb:65:in `call'
web-console (3.7.0) lib/web_console/middleware.rb:135:in `call_app'
web-console (3.7.0) lib/web_console/middleware.rb:30:in `block in call'
web-console (3.7.0) lib/web_console/middleware.rb:20:in `catch'
web-console (3.7.0) lib/web_console/middleware.rb:20:in `call'
actionpack (5.2.1) lib/action_dispatch/middleware/show_exceptions.rb:33:in `call'
railties (5.2.1) lib/rails/rack/logger.rb:38:in `call_app'
railties (5.2.1) lib/rails/rack/logger.rb:26:in `block in call'
activesupport (5.2.1) lib/active_support/tagged_logging.rb:71:in `block in tagged'
activesupport (5.2.1) lib/active_support/tagged_logging.rb:28:in `tagged'
activesupport (5.2.1) lib/active_support/tagged_logging.rb:71:in `tagged'
railties (5.2.1) lib/rails/rack/logger.rb:26:in `call'
sprockets-rails (3.2.1) lib/sprockets/rails/quiet_assets.rb:13:in `call'
actionpack (5.2.1) lib/action_dispatch/middleware/remote_ip.rb:81:in `call'
actionpack (5.2.1) lib/action_dispatch/middleware/request_id.rb:27:in `call'
rack (2.0.5) lib/rack/method_override.rb:22:in `call'
rack (2.0.5) lib/rack/runtime.rb:22:in `call'
activesupport (5.2.1) lib/active_support/cache/strategy/local_cache_middleware.rb:29:in `call'
actionpack (5.2.1) lib/action_dispatch/middleware/executor.rb:14:in `call'
actionpack (5.2.1) lib/action_dispatch/middleware/static.rb:127:in `call'
rack (2.0.5) lib/rack/sendfile.rb:111:in `call'
railties (5.2.1) lib/rails/engine.rb:524:in `call'
puma (3.12.0) lib/puma/configuration.rb:225:in `call'
puma (3.12.0) lib/puma/server.rb:658:in `handle_request'
puma (3.12.0) lib/puma/server.rb:472:in `process_client'
puma (3.12.0) lib/puma/server.rb:332:in `block in run'
puma (3.12.0) lib/puma/thread_pool.rb:133:in `block in spawn_thread'
Started GET "/users/new" for 127.0.0.1 at 2018-09-13 11:22:12 -0700
Processing by UsersController#new as HTML
Completed 500 Internal Server Error in 72118ms (ActiveRecord: 9.7ms)


  
SystemExit (exit):
  
(byebug):1:in `exit'
(byebug):1:in `new'
app/controllers/users_controller.rb:6:in `new'
Started GET "/users/new" for 127.0.0.1 at 2018-09-13 11:44:51 -0700
  [1m[35m (0.7ms)[0m  [1m[34mSELECT "schema_migrations"."version" FROM "schema_migrations" ORDER BY "schema_migrations"."version" ASC[0m
  ↳ /Users/jamestouri/.rbenv/versions/2.3.1/lib/ruby/gems/2.3.0/gems/activerecord-5.2.1/lib/active_record/log_subscriber.rb:98
Processing by UsersController#new as HTML
  Rendering users/new.html.erb within layouts/application
  Rendered users/new.html.erb within layouts/application (0.5ms)
Completed 500 Internal Server Error in 137ms (ActiveRecord: 5.3ms)


  
ActionView::Template::Error (undefined method `logged_in?' for #<#<Class:0x007f954cbc1e50>:0x007f954cc413f8>
Did you mean?  logger?):
    1: <!DOCTYPE html>
    2: <% if logged_in? %>
    3: <%      button_description = "Logout" %>
    4: <%      url = new_user_url %>
    5: <% else%>
  
app/views/layouts/application.html.erb:2:in `_app_views_layouts_application_html_erb__2609931160607281835_70139607486940'
app/controllers/users_controller.rb:5:in `new'
Started GET "/users/new" for 127.0.0.1 at 2018-09-13 11:45:24 -0700
Started GET "/users/new" for 127.0.0.1 at 2018-09-13 11:45:34 -0700
Processing by UsersController#new as HTML
  Rendering users/new.html.erb within layouts/application
  Rendered users/new.html.erb within layouts/application (0.3ms)
Completed 500 Internal Server Error in 23ms (ActiveRecord: 7.9ms)


  
ActionView::Template::Error (No route matches {:action=>"show", :controller=>"users"}, missing required keys: [:id]):
    4: <%      url = new_user_url %>
    5: <% else%>
    6: <%      button_description = "Log In!" %>
    7: <%      url = user_url %>
    8: <% end  %>
    9: <html>
   10:   <head>
  
app/views/layouts/application.html.erb:7:in `_app_views_layouts_application_html_erb__2609931160607281835_70139612224200'
app/controllers/users_controller.rb:5:in `new'
Processing by UsersController#new as HTML
  Rendering users/new.html.erb within layouts/application
  Rendered users/new.html.erb within layouts/application (0.0ms)
Completed 500 Internal Server Error in 17ms (ActiveRecord: 4.1ms)


  
ActionView::Template::Error (No route matches {:action=>"show", :controller=>"users"}, missing required keys: [:id]):
    4: <%      url = new_user_url %>
    5: <% else%>
    6: <%      button_description = "Log In!" %>
    7: <%      url = user_url %>
    8: <% end  %>
    9: <html>
   10:   <head>
  
app/views/layouts/application.html.erb:7:in `_app_views_layouts_application_html_erb__2609931160607281835_70139612224200'
app/controllers/users_controller.rb:5:in `new'
Started GET "/users/new" for 127.0.0.1 at 2018-09-13 11:46:09 -0700
Processing by UsersController#new as HTML
  Rendering users/new.html.erb within layouts/application
  Rendered users/new.html.erb within layouts/application (0.3ms)
Completed 200 OK in 232ms (Views: 232.0ms | ActiveRecord: 0.0ms)


Started POST "/users/user_url" for 127.0.0.1 at 2018-09-13 11:46:15 -0700
  
ActionController::RoutingError (No route matches [POST] "/users/user_url"):
  
actionpack (5.2.1) lib/action_dispatch/middleware/debug_exceptions.rb:65:in `call'
web-console (3.7.0) lib/web_console/middleware.rb:135:in `call_app'
web-console (3.7.0) lib/web_console/middleware.rb:30:in `block in call'
web-console (3.7.0) lib/web_console/middleware.rb:20:in `catch'
web-console (3.7.0) lib/web_console/middleware.rb:20:in `call'
actionpack (5.2.1) lib/action_dispatch/middleware/show_exceptions.rb:33:in `call'
railties (5.2.1) lib/rails/rack/logger.rb:38:in `call_app'
railties (5.2.1) lib/rails/rack/logger.rb:26:in `block in call'
activesupport (5.2.1) lib/active_support/tagged_logging.rb:71:in `block in tagged'
activesupport (5.2.1) lib/active_support/tagged_logging.rb:28:in `tagged'
activesupport (5.2.1) lib/active_support/tagged_logging.rb:71:in `tagged'
railties (5.2.1) lib/rails/rack/logger.rb:26:in `call'
sprockets-rails (3.2.1) lib/sprockets/rails/quiet_assets.rb:13:in `call'
actionpack (5.2.1) lib/action_dispatch/middleware/remote_ip.rb:81:in `call'
actionpack (5.2.1) lib/action_dispatch/middleware/request_id.rb:27:in `call'
rack (2.0.5) lib/rack/method_override.rb:22:in `call'
rack (2.0.5) lib/rack/runtime.rb:22:in `call'
activesupport (5.2.1) lib/active_support/cache/strategy/local_cache_middleware.rb:29:in `call'
actionpack (5.2.1) lib/action_dispatch/middleware/executor.rb:14:in `call'
actionpack (5.2.1) lib/action_dispatch/middleware/static.rb:127:in `call'
rack (2.0.5) lib/rack/sendfile.rb:111:in `call'
railties (5.2.1) lib/rails/engine.rb:524:in `call'
puma (3.12.0) lib/puma/configuration.rb:225:in `call'
puma (3.12.0) lib/puma/server.rb:658:in `handle_request'
puma (3.12.0) lib/puma/server.rb:472:in `process_client'
puma (3.12.0) lib/puma/server.rb:332:in `block in run'
puma (3.12.0) lib/puma/thread_pool.rb:133:in `block in spawn_thread'
Started GET "/users/new" for 127.0.0.1 at 2018-09-13 11:49:47 -0700
Processing by UsersController#new as HTML
  Rendering users/new.html.erb within layouts/application
  Rendered users/new.html.erb within layouts/application (0.3ms)
Completed 200 OK in 19ms (Views: 18.1ms | ActiveRecord: 0.0ms)


Started GET "/users/new" for 127.0.0.1 at 2018-09-13 11:50:34 -0700
Processing by UsersController#new as HTML
  Rendering users/new.html.erb within layouts/application
  Rendered users/new.html.erb within layouts/application (0.7ms)
Completed 200 OK in 22ms (Views: 21.1ms | ActiveRecord: 0.0ms)


Started GET "/users/new" for 127.0.0.1 at 2018-09-13 11:53:14 -0700
Processing by UsersController#new as HTML
  Rendering users/new.html.erb within layouts/application
  Rendered users/new.html.erb within layouts/application (0.6ms)
Completed 200 OK in 62ms (Views: 61.7ms | ActiveRecord: 0.0ms)


Started GET "/users/styles.css" for 127.0.0.1 at 2018-09-13 11:53:14 -0700
Processing by UsersController#show as CSS
  Parameters: {"id"=>"styles"}
  [1m[36mUser Load (1.3ms)[0m  [1m[34mSELECT  "users".* FROM "users" WHERE "users"."id" = $1 LIMIT $2[0m  [["id", 0], ["LIMIT", 1]]
  ↳ app/controllers/users_controller.rb:19
Completed 500 Internal Server Error in 28ms (ActiveRecord: 1.8ms)


  
ActionView::MissingTemplate (Missing template users/show, application/show with {:locale=>[:en], :formats=>[:css], :variants=>[], :handlers=>[:raw, :erb, :html, :builder, :ruby, :coffee, :jbuilder]}. Searched in:
  * "/Users/jamestouri/Desktop/W4D4/MusicApp/app/views"
):
  
app/controllers/users_controller.rb:20:in `show'
Started GET "/users/new" for 127.0.0.1 at 2018-09-13 11:53:25 -0700
Processing by UsersController#new as HTML
  Rendering users/new.html.erb within layouts/application
  Rendered users/new.html.erb within layouts/application (0.5ms)
Completed 200 OK in 25ms (Views: 24.6ms | ActiveRecord: 0.0ms)


Started GET "/users/styling.css" for 127.0.0.1 at 2018-09-13 11:53:25 -0700
Processing by UsersController#show as CSS
  Parameters: {"id"=>"styling"}
  [1m[36mUser Load (4.1ms)[0m  [1m[34mSELECT  "users".* FROM "users" WHERE "users"."id" = $1 LIMIT $2[0m  [["id", 0], ["LIMIT", 1]]
  ↳ app/controllers/users_controller.rb:19
Completed 500 Internal Server Error in 10ms (ActiveRecord: 4.1ms)


  
ActionView::MissingTemplate (Missing template users/show, application/show with {:locale=>[:en], :formats=>[:css], :variants=>[], :handlers=>[:raw, :erb, :html, :builder, :ruby, :coffee, :jbuilder]}. Searched in:
  * "/Users/jamestouri/Desktop/W4D4/MusicApp/app/views"
):
  
app/controllers/users_controller.rb:20:in `show'
Started GET "/users/new" for 127.0.0.1 at 2018-09-13 11:53:29 -0700
Processing by UsersController#new as HTML
  Rendering users/new.html.erb within layouts/application
  Rendered users/new.html.erb within layouts/application (0.3ms)
Completed 200 OK in 21ms (Views: 20.5ms | ActiveRecord: 0.0ms)


Started GET "/users/styling.css" for 127.0.0.1 at 2018-09-13 11:53:29 -0700
Processing by UsersController#show as CSS
  Parameters: {"id"=>"styling"}
  [1m[36mUser Load (0.4ms)[0m  [1m[34mSELECT  "users".* FROM "users" WHERE "users"."id" = $1 LIMIT $2[0m  [["id", 0], ["LIMIT", 1]]
  ↳ app/controllers/users_controller.rb:19
Completed 500 Internal Server Error in 6ms (ActiveRecord: 0.4ms)


  
ActionView::MissingTemplate (Missing template users/show, application/show with {:locale=>[:en], :formats=>[:css], :variants=>[], :handlers=>[:raw, :erb, :html, :builder, :ruby, :coffee, :jbuilder]}. Searched in:
  * "/Users/jamestouri/Desktop/W4D4/MusicApp/app/views"
):
  
app/controllers/users_controller.rb:20:in `show'
Started GET "/users" for 127.0.0.1 at 2018-09-13 11:53:33 -0700
  
AbstractController::ActionNotFound (The action 'index' could not be found for UsersController):
  
actionpack (5.2.1) lib/abstract_controller/base.rb:129:in `process'
actionview (5.2.1) lib/action_view/rendering.rb:32:in `process'
actionpack (5.2.1) lib/action_controller/metal.rb:191:in `dispatch'
actionpack (5.2.1) lib/action_controller/metal.rb:252:in `dispatch'
actionpack (5.2.1) lib/action_dispatch/routing/route_set.rb:52:in `dispatch'
actionpack (5.2.1) lib/action_dispatch/routing/route_set.rb:34:in `serve'
actionpack (5.2.1) lib/action_dispatch/journey/router.rb:52:in `block in serve'
actionpack (5.2.1) lib/action_dispatch/journey/router.rb:35:in `each'
actionpack (5.2.1) lib/action_dispatch/journey/router.rb:35:in `serve'
actionpack (5.2.1) lib/action_dispatch/routing/route_set.rb:840:in `call'
rack (2.0.5) lib/rack/tempfile_reaper.rb:15:in `call'
rack (2.0.5) lib/rack/etag.rb:25:in `call'
rack (2.0.5) lib/rack/conditional_get.rb:25:in `call'
rack (2.0.5) lib/rack/head.rb:12:in `call'
actionpack (5.2.1) lib/action_dispatch/http/content_security_policy.rb:18:in `call'
rack (2.0.5) lib/rack/session/abstract/id.rb:232:in `context'
rack (2.0.5) lib/rack/session/abstract/id.rb:226:in `call'
actionpack (5.2.1) lib/action_dispatch/middleware/cookies.rb:670:in `call'
activerecord (5.2.1) lib/active_record/migration.rb:559:in `call'
actionpack (5.2.1) lib/action_dispatch/middleware/callbacks.rb:28:in `block in call'
activesupport (5.2.1) lib/active_support/callbacks.rb:98:in `run_callbacks'
actionpack (5.2.1) lib/action_dispatch/middleware/callbacks.rb:26:in `call'
actionpack (5.2.1) lib/action_dispatch/middleware/executor.rb:14:in `call'
actionpack (5.2.1) lib/action_dispatch/middleware/debug_exceptions.rb:61:in `call'
web-console (3.7.0) lib/web_console/middleware.rb:135:in `call_app'
web-console (3.7.0) lib/web_console/middleware.rb:30:in `block in call'
web-console (3.7.0) lib/web_console/middleware.rb:20:in `catch'
web-console (3.7.0) lib/web_console/middleware.rb:20:in `call'
actionpack (5.2.1) lib/action_dispatch/middleware/show_exceptions.rb:33:in `call'
railties (5.2.1) lib/rails/rack/logger.rb:38:in `call_app'
railties (5.2.1) lib/rails/rack/logger.rb:26:in `block in call'
activesupport (5.2.1) lib/active_support/tagged_logging.rb:71:in `block in tagged'
activesupport (5.2.1) lib/active_support/tagged_logging.rb:28:in `tagged'
activesupport (5.2.1) lib/active_support/tagged_logging.rb:71:in `tagged'
railties (5.2.1) lib/rails/rack/logger.rb:26:in `call'
sprockets-rails (3.2.1) lib/sprockets/rails/quiet_assets.rb:13:in `call'
actionpack (5.2.1) lib/action_dispatch/middleware/remote_ip.rb:81:in `call'
actionpack (5.2.1) lib/action_dispatch/middleware/request_id.rb:27:in `call'
rack (2.0.5) lib/rack/method_override.rb:22:in `call'
rack (2.0.5) lib/rack/runtime.rb:22:in `call'
activesupport (5.2.1) lib/active_support/cache/strategy/local_cache_middleware.rb:29:in `call'
actionpack (5.2.1) lib/action_dispatch/middleware/executor.rb:14:in `call'
actionpack (5.2.1) lib/action_dispatch/middleware/static.rb:127:in `call'
rack (2.0.5) lib/rack/sendfile.rb:111:in `call'
railties (5.2.1) lib/rails/engine.rb:524:in `call'
puma (3.12.0) lib/puma/configuration.rb:225:in `call'
puma (3.12.0) lib/puma/server.rb:658:in `handle_request'
puma (3.12.0) lib/puma/server.rb:472:in `process_client'
puma (3.12.0) lib/puma/server.rb:332:in `block in run'
puma (3.12.0) lib/puma/thread_pool.rb:133:in `block in spawn_thread'
Started GET "/users/new" for 127.0.0.1 at 2018-09-13 11:53:35 -0700
Processing by UsersController#new as HTML
  Rendering users/new.html.erb within layouts/application
  Rendered users/new.html.erb within layouts/application (0.4ms)
Completed 200 OK in 26ms (Views: 24.4ms | ActiveRecord: 0.0ms)


Started GET "/users/styling.css" for 127.0.0.1 at 2018-09-13 11:53:35 -0700
Processing by UsersController#show as CSS
  Parameters: {"id"=>"styling"}
  [1m[36mUser Load (2.6ms)[0m  [1m[34mSELECT  "users".* FROM "users" WHERE "users"."id" = $1 LIMIT $2[0m  [["id", 0], ["LIMIT", 1]]
  ↳ app/controllers/users_controller.rb:19
Completed 500 Internal Server Error in 14ms (ActiveRecord: 2.6ms)


  
ActionView::MissingTemplate (Missing template users/show, application/show with {:locale=>[:en], :formats=>[:css], :variants=>[], :handlers=>[:raw, :erb, :html, :builder, :ruby, :coffee, :jbuilder]}. Searched in:
  * "/Users/jamestouri/Desktop/W4D4/MusicApp/app/views"
):
  
app/controllers/users_controller.rb:20:in `show'
Started GET "/users/new" for 127.0.0.1 at 2018-09-13 11:53:45 -0700
Processing by UsersController#new as HTML
  Rendering users/new.html.erb within layouts/application
  Rendered users/new.html.erb within layouts/application (0.3ms)
Completed 200 OK in 32ms (Views: 31.0ms | ActiveRecord: 0.0ms)


Started GET "/users/styling.css" for 127.0.0.1 at 2018-09-13 11:53:45 -0700
Processing by UsersController#show as CSS
  Parameters: {"id"=>"styling"}
  [1m[36mUser Load (2.9ms)[0m  [1m[34mSELECT  "users".* FROM "users" WHERE "users"."id" = $1 LIMIT $2[0m  [["id", 0], ["LIMIT", 1]]
  ↳ app/controllers/users_controller.rb:19
Completed 500 Internal Server Error in 9ms (ActiveRecord: 2.9ms)


  
ActionView::MissingTemplate (Missing template users/show, application/show with {:locale=>[:en], :formats=>[:css], :variants=>[], :handlers=>[:raw, :erb, :html, :builder, :ruby, :coffee, :jbuilder]}. Searched in:
  * "/Users/jamestouri/Desktop/W4D4/MusicApp/app/views"
):
  
app/controllers/users_controller.rb:20:in `show'
Started GET "/users/new" for 127.0.0.1 at 2018-09-13 11:53:55 -0700
Processing by UsersController#new as HTML
  Rendering users/new.html.erb within layouts/application
  Rendered users/new.html.erb within layouts/application (0.3ms)
Completed 200 OK in 28ms (Views: 27.2ms | ActiveRecord: 0.0ms)


Started GET "/users/styli.css" for 127.0.0.1 at 2018-09-13 11:53:55 -0700
Processing by UsersController#show as CSS
  Parameters: {"id"=>"styli"}
  [1m[36mUser Load (1.9ms)[0m  [1m[34mSELECT  "users".* FROM "users" WHERE "users"."id" = $1 LIMIT $2[0m  [["id", 0], ["LIMIT", 1]]
  ↳ app/controllers/users_controller.rb:19
Completed 500 Internal Server Error in 9ms (ActiveRecord: 1.9ms)


  
ActionView::MissingTemplate (Missing template users/show, application/show with {:locale=>[:en], :formats=>[:css], :variants=>[], :handlers=>[:raw, :erb, :html, :builder, :ruby, :coffee, :jbuilder]}. Searched in:
  * "/Users/jamestouri/Desktop/W4D4/MusicApp/app/views"
):
  
app/controllers/users_controller.rb:20:in `show'
Started GET "/users/new" for 127.0.0.1 at 2018-09-13 11:54:11 -0700
Processing by UsersController#new as HTML
  Rendering users/new.html.erb within layouts/application
  Rendered users/new.html.erb within layouts/application (0.4ms)
Completed 200 OK in 35ms (Views: 34.3ms | ActiveRecord: 0.0ms)


Started GET "/users/styling.css" for 127.0.0.1 at 2018-09-13 11:54:11 -0700
Processing by UsersController#show as CSS
  Parameters: {"id"=>"styling"}
  [1m[36mUser Load (0.6ms)[0m  [1m[34mSELECT  "users".* FROM "users" WHERE "users"."id" = $1 LIMIT $2[0m  [["id", 0], ["LIMIT", 1]]
  ↳ app/controllers/users_controller.rb:19
Completed 500 Internal Server Error in 7ms (ActiveRecord: 0.6ms)


  
ActionView::MissingTemplate (Missing template users/show, application/show with {:locale=>[:en], :formats=>[:css], :variants=>[], :handlers=>[:raw, :erb, :html, :builder, :ruby, :coffee, :jbuilder]}. Searched in:
  * "/Users/jamestouri/Desktop/W4D4/MusicApp/app/views"
):
  
app/controllers/users_controller.rb:20:in `show'
Started GET "/users/new" for 127.0.0.1 at 2018-09-13 11:54:17 -0700
Processing by UsersController#new as HTML
  Rendering users/new.html.erb within layouts/application
  Rendered users/new.html.erb within layouts/application (0.6ms)
Completed 200 OK in 31ms (Views: 30.0ms | ActiveRecord: 0.0ms)


Started GET "/users/styling.css" for 127.0.0.1 at 2018-09-13 11:54:17 -0700
Processing by UsersController#show as CSS
  Parameters: {"id"=>"styling"}
  [1m[36mUser Load (0.4ms)[0m  [1m[34mSELECT  "users".* FROM "users" WHERE "users"."id" = $1 LIMIT $2[0m  [["id", 0], ["LIMIT", 1]]
  ↳ app/controllers/users_controller.rb:19
Completed 500 Internal Server Error in 8ms (ActiveRecord: 0.4ms)


  
ActionView::MissingTemplate (Missing template users/show, application/show with {:locale=>[:en], :formats=>[:css], :variants=>[], :handlers=>[:raw, :erb, :html, :builder, :ruby, :coffee, :jbuilder]}. Searched in:
  * "/Users/jamestouri/Desktop/W4D4/MusicApp/app/views"
):
  
app/controllers/users_controller.rb:20:in `show'
Started GET "/users/new" for 127.0.0.1 at 2018-09-13 11:56:55 -0700
Processing by UsersController#new as HTML
  Rendering users/new.html.erb within layouts/application
  Rendered users/new.html.erb within layouts/application (240.6ms)
Completed 500 Internal Server Error in 247ms (ActiveRecord: 0.0ms)


  
ActionView::Template::Error (undefined local variable or method `button_description' for #<#<Class:0x007f954e572fe8>:0x007f9552113c00>):
    5:   <br>
    6:   <input type="text" value="user[password_digest]">
    7:   <br>
    8:   <input type="submit" value="<%= button_description %>">
    9: </form>
  
app/views/users/new.html.erb:8:in `_app_views_users_new_html_erb___4553891722684623556_70139651855380'
app/controllers/users_controller.rb:5:in `new'
Started GET "/users/new" for 127.0.0.1 at 2018-09-13 11:57:12 -0700
Processing by UsersController#new as HTML
  Rendering users/new.html.erb within layouts/application
  Rendered users/new.html.erb within layouts/application (0.5ms)
Completed 200 OK in 19ms (Views: 18.7ms | ActiveRecord: 0.0ms)


Started GET "/users/styling.css" for 127.0.0.1 at 2018-09-13 11:57:12 -0700
Processing by UsersController#show as CSS
  Parameters: {"id"=>"styling"}
  [1m[36mUser Load (0.3ms)[0m  [1m[34mSELECT  "users".* FROM "users" WHERE "users"."id" = $1 LIMIT $2[0m  [["id", 0], ["LIMIT", 1]]
  ↳ app/controllers/users_controller.rb:19
Completed 500 Internal Server Error in 6ms (ActiveRecord: 0.3ms)


  
ActionView::MissingTemplate (Missing template users/show, application/show with {:locale=>[:en], :formats=>[:css], :variants=>[], :handlers=>[:raw, :erb, :html, :builder, :ruby, :coffee, :jbuilder]}. Searched in:
  * "/Users/jamestouri/Desktop/W4D4/MusicApp/app/views"
):
  
app/controllers/users_controller.rb:20:in `show'
Started GET "/users/new" for 127.0.0.1 at 2018-09-13 11:57:49 -0700
Processing by UsersController#new as HTML
  Rendering users/new.html.erb within layouts/application
  Rendered users/new.html.erb within layouts/application (0.5ms)
Completed 200 OK in 21ms (Views: 20.1ms | ActiveRecord: 0.0ms)


Started GET "/users/styling.css" for 127.0.0.1 at 2018-09-13 11:57:49 -0700
Processing by UsersController#show as CSS
  Parameters: {"id"=>"styling"}
  [1m[36mUser Load (2.0ms)[0m  [1m[34mSELECT  "users".* FROM "users" WHERE "users"."id" = $1 LIMIT $2[0m  [["id", 0], ["LIMIT", 1]]
  ↳ app/controllers/users_controller.rb:19
Completed 500 Internal Server Error in 9ms (ActiveRecord: 2.0ms)


  
ActionView::MissingTemplate (Missing template users/show, application/show with {:locale=>[:en], :formats=>[:css], :variants=>[], :handlers=>[:raw, :erb, :html, :builder, :ruby, :coffee, :jbuilder]}. Searched in:
  * "/Users/jamestouri/Desktop/W4D4/MusicApp/app/views"
):
  
app/controllers/users_controller.rb:20:in `show'
Started GET "/users/new" for 127.0.0.1 at 2018-09-13 11:58:20 -0700
Processing by UsersController#new as HTML
  Rendering users/new.html.erb within layouts/application
  Rendered users/new.html.erb within layouts/application (1.8ms)
Completed 200 OK in 22ms (Views: 21.8ms | ActiveRecord: 0.0ms)


Started GET "/users/styling.css" for 127.0.0.1 at 2018-09-13 11:58:20 -0700
Processing by UsersController#show as CSS
  Parameters: {"id"=>"styling"}
  [1m[36mUser Load (0.4ms)[0m  [1m[34mSELECT  "users".* FROM "users" WHERE "users"."id" = $1 LIMIT $2[0m  [["id", 0], ["LIMIT", 1]]
  ↳ app/controllers/users_controller.rb:19
Completed 500 Internal Server Error in 8ms (ActiveRecord: 0.4ms)


  
ActionView::MissingTemplate (Missing template users/show, application/show with {:locale=>[:en], :formats=>[:css], :variants=>[], :handlers=>[:raw, :erb, :html, :builder, :ruby, :coffee, :jbuilder]}. Searched in:
  * "/Users/jamestouri/Desktop/W4D4/MusicApp/app/views"
):
  
app/controllers/users_controller.rb:20:in `show'
Started GET "/users/new" for 127.0.0.1 at 2018-09-13 12:03:46 -0700
Processing by UsersController#new as HTML
  Rendering users/new.html.erb within layouts/application
  Rendered users/new.html.erb within layouts/application (0.3ms)
Completed 200 OK in 40ms (Views: 25.5ms | ActiveRecord: 7.3ms)


Started GET "/users/styling.css" for 127.0.0.1 at 2018-09-13 12:03:46 -0700
Processing by UsersController#show as CSS
  Parameters: {"id"=>"styling"}
  [1m[36mUser Load (1.8ms)[0m  [1m[34mSELECT  "users".* FROM "users" WHERE "users"."id" = $1 LIMIT $2[0m  [["id", 0], ["LIMIT", 1]]
  ↳ app/controllers/users_controller.rb:19
Completed 500 Internal Server Error in 8ms (ActiveRecord: 1.8ms)


  
ActionView::MissingTemplate (Missing template users/show, application/show with {:locale=>[:en], :formats=>[:css], :variants=>[], :handlers=>[:raw, :erb, :html, :builder, :ruby, :coffee, :jbuilder]}. Searched in:
  * "/Users/jamestouri/Desktop/W4D4/MusicApp/app/views"
):
  
app/controllers/users_controller.rb:20:in `show'
Started GET "/users/new" for 127.0.0.1 at 2018-09-13 12:04:25 -0700
Processing by UsersController#new as HTML
  Rendering users/new.html.erb within layouts/application
  Rendered users/new.html.erb within layouts/application (0.7ms)
Completed 200 OK in 30ms (Views: 29.2ms | ActiveRecord: 0.0ms)


Started GET "/users/styling.css" for 127.0.0.1 at 2018-09-13 12:04:25 -0700
Processing by UsersController#show as CSS
  Parameters: {"id"=>"styling"}
  [1m[36mUser Load (2.5ms)[0m  [1m[34mSELECT  "users".* FROM "users" WHERE "users"."id" = $1 LIMIT $2[0m  [["id", 0], ["LIMIT", 1]]
  ↳ app/controllers/users_controller.rb:19
Completed 500 Internal Server Error in 10ms (ActiveRecord: 2.5ms)


  
ActionView::MissingTemplate (Missing template users/show, application/show with {:locale=>[:en], :formats=>[:css], :variants=>[], :handlers=>[:raw, :erb, :html, :builder, :ruby, :coffee, :jbuilder]}. Searched in:
  * "/Users/jamestouri/Desktop/W4D4/MusicApp/app/views"
):
  
app/controllers/users_controller.rb:20:in `show'
Started GET "/users/new" for 127.0.0.1 at 2018-09-13 12:05:07 -0700
Processing by UsersController#new as HTML
  Rendering users/new.html.erb within layouts/application
  Rendered users/new.html.erb within layouts/application (0.4ms)
Completed 200 OK in 30ms (Views: 29.8ms | ActiveRecord: 0.0ms)


Started GET "/users/styling.css" for 127.0.0.1 at 2018-09-13 12:05:07 -0700
Processing by UsersController#show as CSS
  Parameters: {"id"=>"styling"}
  [1m[36mUser Load (2.8ms)[0m  [1m[34mSELECT  "users".* FROM "users" WHERE "users"."id" = $1 LIMIT $2[0m  [["id", 0], ["LIMIT", 1]]
  ↳ app/controllers/users_controller.rb:19
Completed 500 Internal Server Error in 11ms (ActiveRecord: 2.8ms)


  
ActionView::MissingTemplate (Missing template users/show, application/show with {:locale=>[:en], :formats=>[:css], :variants=>[], :handlers=>[:raw, :erb, :html, :builder, :ruby, :coffee, :jbuilder]}. Searched in:
  * "/Users/jamestouri/Desktop/W4D4/MusicApp/app/views"
):
  
app/controllers/users_controller.rb:20:in `show'
Started GET "/users/new" for 127.0.0.1 at 2018-09-13 12:05:26 -0700
Processing by UsersController#new as HTML
  Rendering users/new.html.erb within layouts/application
  Rendered users/new.html.erb within layouts/application (0.3ms)
Completed 200 OK in 21ms (Views: 20.9ms | ActiveRecord: 0.0ms)


Started GET "/users/styling.css" for 127.0.0.1 at 2018-09-13 12:05:26 -0700
Processing by UsersController#show as CSS
  Parameters: {"id"=>"styling"}
  [1m[36mUser Load (0.3ms)[0m  [1m[34mSELECT  "users".* FROM "users" WHERE "users"."id" = $1 LIMIT $2[0m  [["id", 0], ["LIMIT", 1]]
  ↳ app/controllers/users_controller.rb:19
Completed 500 Internal Server Error in 6ms (ActiveRecord: 0.3ms)


  
ActionView::MissingTemplate (Missing template users/show, application/show with {:locale=>[:en], :formats=>[:css], :variants=>[], :handlers=>[:raw, :erb, :html, :builder, :ruby, :coffee, :jbuilder]}. Searched in:
  * "/Users/jamestouri/Desktop/W4D4/MusicApp/app/views"
):
  
app/controllers/users_controller.rb:20:in `show'
Started GET "/users/new" for 127.0.0.1 at 2018-09-13 12:05:37 -0700
Processing by UsersController#new as HTML
  Rendering users/new.html.erb within layouts/application
  Rendered users/new.html.erb within layouts/application (0.4ms)
Completed 200 OK in 23ms (Views: 21.9ms | ActiveRecord: 0.0ms)


Started GET "/users/styling.css" for 127.0.0.1 at 2018-09-13 12:05:37 -0700
Processing by UsersController#show as CSS
  Parameters: {"id"=>"styling"}
  [1m[36mUser Load (0.4ms)[0m  [1m[34mSELECT  "users".* FROM "users" WHERE "users"."id" = $1 LIMIT $2[0m  [["id", 0], ["LIMIT", 1]]
  ↳ app/controllers/users_controller.rb:19
Completed 500 Internal Server Error in 7ms (ActiveRecord: 0.4ms)


  
ActionView::MissingTemplate (Missing template users/show, application/show with {:locale=>[:en], :formats=>[:css], :variants=>[], :handlers=>[:raw, :erb, :html, :builder, :ruby, :coffee, :jbuilder]}. Searched in:
  * "/Users/jamestouri/Desktop/W4D4/MusicApp/app/views"
):
  
app/controllers/users_controller.rb:20:in `show'
Started GET "/users/new" for 127.0.0.1 at 2018-09-13 12:07:56 -0700
Processing by UsersController#new as HTML
  Rendering users/new.html.erb within layouts/application
  Rendered users/new.html.erb within layouts/application (0.3ms)
Completed 200 OK in 21ms (Views: 20.3ms | ActiveRecord: 0.0ms)


Started GET "/users/styling.css" for 127.0.0.1 at 2018-09-13 12:07:56 -0700
Processing by UsersController#show as CSS
  Parameters: {"id"=>"styling"}
  [1m[36mUser Load (0.8ms)[0m  [1m[34mSELECT  "users".* FROM "users" WHERE "users"."id" = $1 LIMIT $2[0m  [["id", 0], ["LIMIT", 1]]
  ↳ app/controllers/users_controller.rb:19
Completed 500 Internal Server Error in 9ms (ActiveRecord: 0.8ms)


  
ActionView::MissingTemplate (Missing template users/show, application/show with {:locale=>[:en], :formats=>[:css], :variants=>[], :handlers=>[:raw, :erb, :html, :builder, :ruby, :coffee, :jbuilder]}. Searched in:
  * "/Users/jamestouri/Desktop/W4D4/MusicApp/app/views"
):
  
app/controllers/users_controller.rb:20:in `show'
Started GET "/users/new" for 127.0.0.1 at 2018-09-13 12:08:14 -0700
Processing by UsersController#new as HTML
  Rendering users/new.html.erb within layouts/application
  Rendered users/new.html.erb within layouts/application (0.4ms)
Completed 200 OK in 23ms (Views: 22.8ms | ActiveRecord: 0.0ms)


Started GET "/users/styling.css" for 127.0.0.1 at 2018-09-13 12:08:14 -0700
Processing by UsersController#show as CSS
  Parameters: {"id"=>"styling"}
  [1m[36mUser Load (1.6ms)[0m  [1m[34mSELECT  "users".* FROM "users" WHERE "users"."id" = $1 LIMIT $2[0m  [["id", 0], ["LIMIT", 1]]
  ↳ app/controllers/users_controller.rb:19
Completed 500 Internal Server Error in 9ms (ActiveRecord: 1.6ms)


  
ActionView::MissingTemplate (Missing template users/show, application/show with {:locale=>[:en], :formats=>[:css], :variants=>[], :handlers=>[:raw, :erb, :html, :builder, :ruby, :coffee, :jbuilder]}. Searched in:
  * "/Users/jamestouri/Desktop/W4D4/MusicApp/app/views"
):
  
app/controllers/users_controller.rb:20:in `show'
Started GET "/users/new" for 127.0.0.1 at 2018-09-13 12:12:09 -0700
Processing by UsersController#new as HTML
  Rendering users/new.html.erb within layouts/application
  Rendered users/new.html.erb within layouts/application (0.4ms)
Completed 200 OK in 18ms (Views: 17.6ms | ActiveRecord: 0.0ms)


Started GET "/users/styling.css" for 127.0.0.1 at 2018-09-13 12:12:09 -0700
Processing by UsersController#show as CSS
  Parameters: {"id"=>"styling"}
  [1m[36mUser Load (1.4ms)[0m  [1m[34mSELECT  "users".* FROM "users" WHERE "users"."id" = $1 LIMIT $2[0m  [["id", 0], ["LIMIT", 1]]
  ↳ app/controllers/users_controller.rb:19
Completed 500 Internal Server Error in 8ms (ActiveRecord: 1.4ms)


  
ActionView::MissingTemplate (Missing template users/show, application/show with {:locale=>[:en], :formats=>[:css], :variants=>[], :handlers=>[:raw, :erb, :html, :builder, :ruby, :coffee, :jbuilder]}. Searched in:
  * "/Users/jamestouri/Desktop/W4D4/MusicApp/app/views"
):
  
app/controllers/users_controller.rb:20:in `show'
Started GET "/users/new" for 127.0.0.1 at 2018-09-13 12:13:27 -0700
Processing by UsersController#new as HTML
  Rendering users/new.html.erb within layouts/application
  Rendered users/new.html.erb within layouts/application (0.5ms)
Completed 200 OK in 19ms (Views: 18.5ms | ActiveRecord: 0.0ms)


Started GET "/users/styling.css" for 127.0.0.1 at 2018-09-13 12:13:27 -0700
Processing by UsersController#show as CSS
  Parameters: {"id"=>"styling"}
  [1m[36mUser Load (0.2ms)[0m  [1m[34mSELECT  "users".* FROM "users" WHERE "users"."id" = $1 LIMIT $2[0m  [["id", 0], ["LIMIT", 1]]
  ↳ app/controllers/users_controller.rb:19
Completed 500 Internal Server Error in 6ms (ActiveRecord: 0.2ms)


  
ActionView::MissingTemplate (Missing template users/show, application/show with {:locale=>[:en], :formats=>[:css], :variants=>[], :handlers=>[:raw, :erb, :html, :builder, :ruby, :coffee, :jbuilder]}. Searched in:
  * "/Users/jamestouri/Desktop/W4D4/MusicApp/app/views"
):
  
app/controllers/users_controller.rb:20:in `show'
Started POST "/users/users_url" for 127.0.0.1 at 2018-09-13 12:13:34 -0700
  
ActionController::RoutingError (No route matches [POST] "/users/users_url"):
  
actionpack (5.2.1) lib/action_dispatch/middleware/debug_exceptions.rb:65:in `call'
web-console (3.7.0) lib/web_console/middleware.rb:135:in `call_app'
web-console (3.7.0) lib/web_console/middleware.rb:30:in `block in call'
web-console (3.7.0) lib/web_console/middleware.rb:20:in `catch'
web-console (3.7.0) lib/web_console/middleware.rb:20:in `call'
actionpack (5.2.1) lib/action_dispatch/middleware/show_exceptions.rb:33:in `call'
railties (5.2.1) lib/rails/rack/logger.rb:38:in `call_app'
railties (5.2.1) lib/rails/rack/logger.rb:26:in `block in call'
activesupport (5.2.1) lib/active_support/tagged_logging.rb:71:in `block in tagged'
activesupport (5.2.1) lib/active_support/tagged_logging.rb:28:in `tagged'
activesupport (5.2.1) lib/active_support/tagged_logging.rb:71:in `tagged'
railties (5.2.1) lib/rails/rack/logger.rb:26:in `call'
sprockets-rails (3.2.1) lib/sprockets/rails/quiet_assets.rb:13:in `call'
actionpack (5.2.1) lib/action_dispatch/middleware/remote_ip.rb:81:in `call'
actionpack (5.2.1) lib/action_dispatch/middleware/request_id.rb:27:in `call'
rack (2.0.5) lib/rack/method_override.rb:22:in `call'
rack (2.0.5) lib/rack/runtime.rb:22:in `call'
activesupport (5.2.1) lib/active_support/cache/strategy/local_cache_middleware.rb:29:in `call'
actionpack (5.2.1) lib/action_dispatch/middleware/executor.rb:14:in `call'
actionpack (5.2.1) lib/action_dispatch/middleware/static.rb:127:in `call'
rack (2.0.5) lib/rack/sendfile.rb:111:in `call'
railties (5.2.1) lib/rails/engine.rb:524:in `call'
puma (3.12.0) lib/puma/configuration.rb:225:in `call'
puma (3.12.0) lib/puma/server.rb:658:in `handle_request'
puma (3.12.0) lib/puma/server.rb:472:in `process_client'
puma (3.12.0) lib/puma/server.rb:332:in `block in run'
puma (3.12.0) lib/puma/thread_pool.rb:133:in `block in spawn_thread'
Started GET "/users/styling.css" for 127.0.0.1 at 2018-09-13 12:13:36 -0700
Processing by UsersController#show as CSS
  Parameters: {"id"=>"styling"}
  [1m[36mUser Load (4.2ms)[0m  [1m[34mSELECT  "users".* FROM "users" WHERE "users"."id" = $1 LIMIT $2[0m  [["id", 0], ["LIMIT", 1]]
  ↳ app/controllers/users_controller.rb:19
Completed 500 Internal Server Error in 15ms (ActiveRecord: 4.2ms)


  
ActionView::MissingTemplate (Missing template users/show, application/show with {:locale=>[:en], :formats=>[:css], :variants=>[], :handlers=>[:raw, :erb, :html, :builder, :ruby, :coffee, :jbuilder]}. Searched in:
  * "/Users/jamestouri/Desktop/W4D4/MusicApp/app/views"
):
  
app/controllers/users_controller.rb:20:in `show'
Started POST "/users/users_url" for 127.0.0.1 at 2018-09-13 12:14:30 -0700
  
ActionController::RoutingError (No route matches [POST] "/users/users_url"):
  
actionpack (5.2.1) lib/action_dispatch/middleware/debug_exceptions.rb:65:in `call'
web-console (3.7.0) lib/web_console/middleware.rb:135:in `call_app'
web-console (3.7.0) lib/web_console/middleware.rb:30:in `block in call'
web-console (3.7.0) lib/web_console/middleware.rb:20:in `catch'
web-console (3.7.0) lib/web_console/middleware.rb:20:in `call'
actionpack (5.2.1) lib/action_dispatch/middleware/show_exceptions.rb:33:in `call'
railties (5.2.1) lib/rails/rack/logger.rb:38:in `call_app'
railties (5.2.1) lib/rails/rack/logger.rb:26:in `block in call'
activesupport (5.2.1) lib/active_support/tagged_logging.rb:71:in `block in tagged'
activesupport (5.2.1) lib/active_support/tagged_logging.rb:28:in `tagged'
activesupport (5.2.1) lib/active_support/tagged_logging.rb:71:in `tagged'
railties (5.2.1) lib/rails/rack/logger.rb:26:in `call'
sprockets-rails (3.2.1) lib/sprockets/rails/quiet_assets.rb:13:in `call'
actionpack (5.2.1) lib/action_dispatch/middleware/remote_ip.rb:81:in `call'
actionpack (5.2.1) lib/action_dispatch/middleware/request_id.rb:27:in `call'
rack (2.0.5) lib/rack/method_override.rb:22:in `call'
rack (2.0.5) lib/rack/runtime.rb:22:in `call'
activesupport (5.2.1) lib/active_support/cache/strategy/local_cache_middleware.rb:29:in `call'
actionpack (5.2.1) lib/action_dispatch/middleware/executor.rb:14:in `call'
actionpack (5.2.1) lib/action_dispatch/middleware/static.rb:127:in `call'
rack (2.0.5) lib/rack/sendfile.rb:111:in `call'
railties (5.2.1) lib/rails/engine.rb:524:in `call'
puma (3.12.0) lib/puma/configuration.rb:225:in `call'
puma (3.12.0) lib/puma/server.rb:658:in `handle_request'
puma (3.12.0) lib/puma/server.rb:472:in `process_client'
puma (3.12.0) lib/puma/server.rb:332:in `block in run'
puma (3.12.0) lib/puma/thread_pool.rb:133:in `block in spawn_thread'
Started GET "/users/styling.css" for 127.0.0.1 at 2018-09-13 12:14:33 -0700
Processing by UsersController#show as CSS
  Parameters: {"id"=>"styling"}
  [1m[36mUser Load (1.2ms)[0m  [1m[34mSELECT  "users".* FROM "users" WHERE "users"."id" = $1 LIMIT $2[0m  [["id", 0], ["LIMIT", 1]]
  ↳ app/controllers/users_controller.rb:19
Completed 500 Internal Server Error in 9ms (ActiveRecord: 1.2ms)


  
ActionView::MissingTemplate (Missing template users/show, application/show with {:locale=>[:en], :formats=>[:css], :variants=>[], :handlers=>[:raw, :erb, :html, :builder, :ruby, :coffee, :jbuilder]}. Searched in:
  * "/Users/jamestouri/Desktop/W4D4/MusicApp/app/views"
):
  
app/controllers/users_controller.rb:20:in `show'
Started GET "/users/new" for 127.0.0.1 at 2018-09-13 12:14:39 -0700
Processing by UsersController#new as HTML
  Rendering users/new.html.erb within layouts/application
  Rendered users/new.html.erb within layouts/application (0.5ms)
Completed 200 OK in 24ms (Views: 23.4ms | ActiveRecord: 0.0ms)


Started GET "/users/styling.css" for 127.0.0.1 at 2018-09-13 12:14:39 -0700
Processing by UsersController#show as CSS
  Parameters: {"id"=>"styling"}
  [1m[36mUser Load (0.3ms)[0m  [1m[34mSELECT  "users".* FROM "users" WHERE "users"."id" = $1 LIMIT $2[0m  [["id", 0], ["LIMIT", 1]]
  ↳ app/controllers/users_controller.rb:19
Completed 500 Internal Server Error in 9ms (ActiveRecord: 0.3ms)


  
ActionView::MissingTemplate (Missing template users/show, application/show with {:locale=>[:en], :formats=>[:css], :variants=>[], :handlers=>[:raw, :erb, :html, :builder, :ruby, :coffee, :jbuilder]}. Searched in:
  * "/Users/jamestouri/Desktop/W4D4/MusicApp/app/views"
):
  
app/controllers/users_controller.rb:20:in `show'
Started POST "/users/user_url" for 127.0.0.1 at 2018-09-13 12:14:41 -0700
  
ActionController::RoutingError (No route matches [POST] "/users/user_url"):
  
actionpack (5.2.1) lib/action_dispatch/middleware/debug_exceptions.rb:65:in `call'
web-console (3.7.0) lib/web_console/middleware.rb:135:in `call_app'
web-console (3.7.0) lib/web_console/middleware.rb:30:in `block in call'
web-console (3.7.0) lib/web_console/middleware.rb:20:in `catch'
web-console (3.7.0) lib/web_console/middleware.rb:20:in `call'
actionpack (5.2.1) lib/action_dispatch/middleware/show_exceptions.rb:33:in `call'
railties (5.2.1) lib/rails/rack/logger.rb:38:in `call_app'
railties (5.2.1) lib/rails/rack/logger.rb:26:in `block in call'
activesupport (5.2.1) lib/active_support/tagged_logging.rb:71:in `block in tagged'
activesupport (5.2.1) lib/active_support/tagged_logging.rb:28:in `tagged'
activesupport (5.2.1) lib/active_support/tagged_logging.rb:71:in `tagged'
railties (5.2.1) lib/rails/rack/logger.rb:26:in `call'
sprockets-rails (3.2.1) lib/sprockets/rails/quiet_assets.rb:13:in `call'
actionpack (5.2.1) lib/action_dispatch/middleware/remote_ip.rb:81:in `call'
actionpack (5.2.1) lib/action_dispatch/middleware/request_id.rb:27:in `call'
rack (2.0.5) lib/rack/method_override.rb:22:in `call'
rack (2.0.5) lib/rack/runtime.rb:22:in `call'
activesupport (5.2.1) lib/active_support/cache/strategy/local_cache_middleware.rb:29:in `call'
actionpack (5.2.1) lib/action_dispatch/middleware/executor.rb:14:in `call'
actionpack (5.2.1) lib/action_dispatch/middleware/static.rb:127:in `call'
rack (2.0.5) lib/rack/sendfile.rb:111:in `call'
railties (5.2.1) lib/rails/engine.rb:524:in `call'
puma (3.12.0) lib/puma/configuration.rb:225:in `call'
puma (3.12.0) lib/puma/server.rb:658:in `handle_request'
puma (3.12.0) lib/puma/server.rb:472:in `process_client'
puma (3.12.0) lib/puma/server.rb:332:in `block in run'
puma (3.12.0) lib/puma/thread_pool.rb:133:in `block in spawn_thread'
Started GET "/users/styling.css" for 127.0.0.1 at 2018-09-13 12:14:44 -0700
Processing by UsersController#show as CSS
  Parameters: {"id"=>"styling"}
  [1m[36mUser Load (0.3ms)[0m  [1m[34mSELECT  "users".* FROM "users" WHERE "users"."id" = $1 LIMIT $2[0m  [["id", 0], ["LIMIT", 1]]
  ↳ app/controllers/users_controller.rb:19
Completed 500 Internal Server Error in 7ms (ActiveRecord: 0.3ms)


  
ActionView::MissingTemplate (Missing template users/show, application/show with {:locale=>[:en], :formats=>[:css], :variants=>[], :handlers=>[:raw, :erb, :html, :builder, :ruby, :coffee, :jbuilder]}. Searched in:
  * "/Users/jamestouri/Desktop/W4D4/MusicApp/app/views"
):
  
app/controllers/users_controller.rb:20:in `show'
Started GET "/users/styling.css" for 127.0.0.1 at 2018-09-13 12:15:07 -0700
Processing by UsersController#show as CSS
  Parameters: {"id"=>"styling"}
  [1m[36mUser Load (2.3ms)[0m  [1m[34mSELECT  "users".* FROM "users" WHERE "users"."id" = $1 LIMIT $2[0m  [["id", 0], ["LIMIT", 1]]
  ↳ app/controllers/users_controller.rb:19
Completed 500 Internal Server Error in 9ms (ActiveRecord: 2.3ms)


  
ActionView::MissingTemplate (Missing template users/show, application/show with {:locale=>[:en], :formats=>[:css], :variants=>[], :handlers=>[:raw, :erb, :html, :builder, :ruby, :coffee, :jbuilder]}. Searched in:
  * "/Users/jamestouri/Desktop/W4D4/MusicApp/app/views"
):
  
app/controllers/users_controller.rb:20:in `show'
Started POST "/users/user_url" for 127.0.0.1 at 2018-09-13 12:15:13 -0700
  
ActionController::RoutingError (No route matches [POST] "/users/user_url"):
  
actionpack (5.2.1) lib/action_dispatch/middleware/debug_exceptions.rb:65:in `call'
web-console (3.7.0) lib/web_console/middleware.rb:135:in `call_app'
web-console (3.7.0) lib/web_console/middleware.rb:30:in `block in call'
web-console (3.7.0) lib/web_console/middleware.rb:20:in `catch'
web-console (3.7.0) lib/web_console/middleware.rb:20:in `call'
actionpack (5.2.1) lib/action_dispatch/middleware/show_exceptions.rb:33:in `call'
railties (5.2.1) lib/rails/rack/logger.rb:38:in `call_app'
railties (5.2.1) lib/rails/rack/logger.rb:26:in `block in call'
activesupport (5.2.1) lib/active_support/tagged_logging.rb:71:in `block in tagged'
activesupport (5.2.1) lib/active_support/tagged_logging.rb:28:in `tagged'
activesupport (5.2.1) lib/active_support/tagged_logging.rb:71:in `tagged'
railties (5.2.1) lib/rails/rack/logger.rb:26:in `call'
sprockets-rails (3.2.1) lib/sprockets/rails/quiet_assets.rb:13:in `call'
actionpack (5.2.1) lib/action_dispatch/middleware/remote_ip.rb:81:in `call'
actionpack (5.2.1) lib/action_dispatch/middleware/request_id.rb:27:in `call'
rack (2.0.5) lib/rack/method_override.rb:22:in `call'
rack (2.0.5) lib/rack/runtime.rb:22:in `call'
activesupport (5.2.1) lib/active_support/cache/strategy/local_cache_middleware.rb:29:in `call'
actionpack (5.2.1) lib/action_dispatch/middleware/executor.rb:14:in `call'
actionpack (5.2.1) lib/action_dispatch/middleware/static.rb:127:in `call'
rack (2.0.5) lib/rack/sendfile.rb:111:in `call'
railties (5.2.1) lib/rails/engine.rb:524:in `call'
puma (3.12.0) lib/puma/configuration.rb:225:in `call'
puma (3.12.0) lib/puma/server.rb:658:in `handle_request'
puma (3.12.0) lib/puma/server.rb:472:in `process_client'
puma (3.12.0) lib/puma/server.rb:332:in `block in run'
puma (3.12.0) lib/puma/thread_pool.rb:133:in `block in spawn_thread'
